d:\learnopengl\learnproject\learnopenglfirst\learnopenglfirst\x64\debug\vc140.pdb
d:\learnopengl\learnproject\learnopenglfirst\learnopenglfirst\x64\debug\vc140.idb
d:\learnopengl\learnproject\learnopenglfirst\learnopenglfirst\x64\debug\glad.obj
d:\learnopengl\learnproject\learnopenglfirst\learnopenglfirst\x64\debug\depth_testing.obj
d:\learnopengl\learnproject\learnopenglfirst\learnopenglfirst\x64\debug\modelloading.obj
d:\learnopengl\learnproject\learnopenglfirst\learnopenglfirst\x64\debug\stencil_testing.obj
d:\learnopengl\learnproject\learnopenglfirst\learnopenglfirst\x64\debug\blending_sorted.obj
d:\learnopengl\learnproject\learnopenglfirst\learnopenglfirst\x64\debug\faceculling.obj
d:\learnopengl\learnproject\learnopenglfirst\x64\debug\learnopenglfirst.ilk
d:\learnopengl\learnproject\learnopenglfirst\x64\debug\learnopenglfirst.exe
d:\learnopengl\learnproject\learnopenglfirst\x64\debug\learnopenglfirst.pdb
d:\learnopengl\learnproject\learnopenglfirst\learnopenglfirst\x64\debug\learnopenglfirst.res
d:\learnopengl\learnproject\learnopenglfirst\learnopenglfirst\x64\debug\learnopenglfirst.tlog\cl.command.1.tlog
d:\learnopengl\learnproject\learnopenglfirst\learnopenglfirst\x64\debug\learnopenglfirst.tlog\cl.read.1.tlog
d:\learnopengl\learnproject\learnopenglfirst\learnopenglfirst\x64\debug\learnopenglfirst.tlog\cl.write.1.tlog
d:\learnopengl\learnproject\learnopenglfirst\learnopenglfirst\x64\debug\learnopenglfirst.tlog\link.command.1.tlog
d:\learnopengl\learnproject\learnopenglfirst\learnopenglfirst\x64\debug\learnopenglfirst.tlog\link.read.1.tlog
d:\learnopengl\learnproject\learnopenglfirst\learnopenglfirst\x64\debug\learnopenglfirst.tlog\link.write.1.tlog
d:\learnopengl\learnproject\learnopenglfirst\learnopenglfirst\x64\debug\learnopenglfirst.tlog\rc.command.1.tlog
d:\learnopengl\learnproject\learnopenglfirst\learnopenglfirst\x64\debug\learnopenglfirst.tlog\rc.read.1.tlog
d:\learnopengl\learnproject\learnopenglfirst\learnopenglfirst\x64\debug\learnopenglfirst.tlog\rc.write.1.tlog
